The system is: Linux - 6.5.0-41-generic - x86_64
Compiling the CXX compiler identification source file "CMakeCXXCompilerId.cpp" succeeded.
Compiler: /usr/bin/c++ 
Build flags: 
Id flags:  

The output was:
0


Compilation of the CXX compiler identification source "CMakeCXXCompilerId.cpp" produced "a.out"

The CXX compiler identification is GNU, found in "/home-local/tristan/PhotonLibOSTest/build/_deps/photon-build/gflags-prefix/src/gflags-build/CMakeFiles/3.22.1/CompilerIdCXX/a.out"

Detecting CXX compiler ABI info compiled with the following output:
Change Dir: /home-local/tristan/PhotonLibOSTest/build/_deps/photon-build/gflags-prefix/src/gflags-build/CMakeFiles/CMakeTmp

Run Build Command(s):/usr/bin/gmake -f Makefile cmTC_31760/fast && gmake[3]: Entering directory '/home-local/tristan/PhotonLibOSTest/build/_deps/photon-build/gflags-prefix/src/gflags-build/CMakeFiles/CMakeTmp'
/usr/bin/gmake  -f CMakeFiles/cmTC_31760.dir/build.make CMakeFiles/cmTC_31760.dir/build
gmake[4]: Entering directory '/home-local/tristan/PhotonLibOSTest/build/_deps/photon-build/gflags-prefix/src/gflags-build/CMakeFiles/CMakeTmp'
Building CXX object CMakeFiles/cmTC_31760.dir/CMakeCXXCompilerABI.cpp.o
/usr/bin/c++   -fPIE   -v -o CMakeFiles/cmTC_31760.dir/CMakeCXXCompilerABI.cpp.o -c /usr/share/cmake-3.22/Modules/CMakeCXXCompilerABI.cpp
Using built-in specs.
COLLECT_GCC=/usr/bin/c++
OFFLOAD_TARGET_NAMES=nvptx-none:amdgcn-amdhsa
OFFLOAD_TARGET_DEFAULT=1
Target: x86_64-linux-gnu
Configured with: ../src/configure -v --with-pkgversion='Ubuntu 11.4.0-1ubuntu1~22.04' --with-bugurl=file:///usr/share/doc/gcc-11/README.Bugs --enable-languages=c,ada,c++,go,brig,d,fortran,objc,obj-c++,m2 --prefix=/usr --with-gcc-major-version-only --program-suffix=-11 --program-prefix=x86_64-linux-gnu- --enable-shared --enable-linker-build-id --libexecdir=/usr/lib --without-included-gettext --enable-threads=posix --libdir=/usr/lib --enable-nls --enable-bootstrap --enable-clocale=gnu --enable-libstdcxx-debug --enable-libstdcxx-time=yes --with-default-libstdcxx-abi=new --enable-gnu-unique-object --disable-vtable-verify --enable-plugin --enable-default-pie --with-system-zlib --enable-libphobos-checking=release --with-target-system-zlib=auto --enable-objc-gc=auto --enable-multiarch --disable-werror --enable-cet --with-arch-32=i686 --with-abi=m64 --with-multilib-list=m32,m64,mx32 --enable-multilib --with-tune=generic --enable-offload-targets=nvptx-none=/build/gcc-11-XeT9lY/gcc-11-11.4.0/debian/tmp-nvptx/usr,amdgcn-amdhsa=/build/gcc-11-XeT9lY/gcc-11-11.4.0/debian/tmp-gcn/usr --without-cuda-driver --enable-checking=release --build=x86_64-linux-gnu --host=x86_64-linux-gnu --target=x86_64-linux-gnu --with-build-config=bootstrap-lto-lean --enable-link-serialization=2
Thread model: posix
Supported LTO compression algorithms: zlib zstd
gcc version 11.4.0 (Ubuntu 11.4.0-1ubuntu1~22.04) 
COLLECT_GCC_OPTIONS='-fPIE' '-v' '-o' 'CMakeFiles/cmTC_31760.dir/CMakeCXXCompilerABI.cpp.o' '-c' '-shared-libgcc' '-mtune=generic' '-march=x86-64' '-dumpdir' 'CMakeFiles/cmTC_31760.dir/'
 /usr/lib/gcc/x86_64-linux-gnu/11/cc1plus -quiet -v -imultiarch x86_64-linux-gnu -D_GNU_SOURCE /usr/share/cmake-3.22/Modules/CMakeCXXCompilerABI.cpp -quiet -dumpdir CMakeFiles/cmTC_31760.dir/ -dumpbase CMakeCXXCompilerABI.cpp.cpp -dumpbase-ext .cpp -mtune=generic -march=x86-64 -version -fPIE -fasynchronous-unwind-tables -fstack-protector-strong -Wformat -Wformat-security -fstack-clash-protection -fcf-protection -o /tmp/ccoDVgpY.s
GNU C++17 (Ubuntu 11.4.0-1ubuntu1~22.04) version 11.4.0 (x86_64-linux-gnu)
	compiled by GNU C version 11.4.0, GMP version 6.2.1, MPFR version 4.1.0, MPC version 1.2.1, isl version isl-0.24-GMP

GGC heuristics: --param ggc-min-expand=100 --param ggc-min-heapsize=131072
ignoring duplicate directory "/usr/include/x86_64-linux-gnu/c++/11"
ignoring nonexistent directory "/usr/local/include/x86_64-linux-gnu"
ignoring nonexistent directory "/usr/lib/gcc/x86_64-linux-gnu/11/include-fixed"
ignoring nonexistent directory "/usr/lib/gcc/x86_64-linux-gnu/11/../../../../x86_64-linux-gnu/include"
#include "..." search starts here:
#include <...> search starts here:
 /usr/include/c++/11
 /usr/include/x86_64-linux-gnu/c++/11
 /usr/include/c++/11/backward
 /usr/lib/gcc/x86_64-linux-gnu/11/include
 /usr/local/include
 /usr/include/x86_64-linux-gnu
 /usr/include
End of search list.
GNU C++17 (Ubuntu 11.4.0-1ubuntu1~22.04) version 11.4.0 (x86_64-linux-gnu)
	compiled by GNU C version 11.4.0, GMP version 6.2.1, MPFR version 4.1.0, MPC version 1.2.1, isl version isl-0.24-GMP

GGC heuristics: --param ggc-min-expand=100 --param ggc-min-heapsize=131072
Compiler executable checksum: d591828bb4d392ae8b7b160e5bb0b95f
COLLECT_GCC_OPTIONS='-fPIE' '-v' '-o' 'CMakeFiles/cmTC_31760.dir/CMakeCXXCompilerABI.cpp.o' '-c' '-shared-libgcc' '-mtune=generic' '-march=x86-64' '-dumpdir' 'CMakeFiles/cmTC_31760.dir/'
 as -v --64 -o CMakeFiles/cmTC_31760.dir/CMakeCXXCompilerABI.cpp.o /tmp/ccoDVgpY.s
GNU assembler version 2.38 (x86_64-linux-gnu) using BFD version (GNU Binutils for Ubuntu) 2.38
COMPILER_PATH=/usr/lib/gcc/x86_64-linux-gnu/11/:/usr/lib/gcc/x86_64-linux-gnu/11/:/usr/lib/gcc/x86_64-linux-gnu/:/usr/lib/gcc/x86_64-linux-gnu/11/:/usr/lib/gcc/x86_64-linux-gnu/
LIBRARY_PATH=/usr/lib/gcc/x86_64-linux-gnu/11/:/usr/lib/gcc/x86_64-linux-gnu/11/../../../x86_64-linux-gnu/:/usr/lib/gcc/x86_64-linux-gnu/11/../../../../lib/:/lib/x86_64-linux-gnu/:/lib/../lib/:/usr/lib/x86_64-linux-gnu/:/usr/lib/../lib/:/usr/lib/gcc/x86_64-linux-gnu/11/../../../:/lib/:/usr/lib/
COLLECT_GCC_OPTIONS='-fPIE' '-v' '-o' 'CMakeFiles/cmTC_31760.dir/CMakeCXXCompilerABI.cpp.o' '-c' '-shared-libgcc' '-mtune=generic' '-march=x86-64' '-dumpdir' 'CMakeFiles/cmTC_31760.dir/CMakeCXXCompilerABI.cpp.'
Linking CXX executable cmTC_31760
/usr/bin/cmake -E cmake_link_script CMakeFiles/cmTC_31760.dir/link.txt --verbose=1
/usr/bin/c++  -v -rdynamic CMakeFiles/cmTC_31760.dir/CMakeCXXCompilerABI.cpp.o -o cmTC_31760 
Using built-in specs.
COLLECT_GCC=/usr/bin/c++
COLLECT_LTO_WRAPPER=/usr/lib/gcc/x86_64-linux-gnu/11/lto-wrapper
OFFLOAD_TARGET_NAMES=nvptx-none:amdgcn-amdhsa
OFFLOAD_TARGET_DEFAULT=1
Target: x86_64-linux-gnu
Configured with: ../src/configure -v --with-pkgversion='Ubuntu 11.4.0-1ubuntu1~22.04' --with-bugurl=file:///usr/share/doc/gcc-11/README.Bugs --enable-languages=c,ada,c++,go,brig,d,fortran,objc,obj-c++,m2 --prefix=/usr --with-gcc-major-version-only --program-suffix=-11 --program-prefix=x86_64-linux-gnu- --enable-shared --enable-linker-build-id --libexecdir=/usr/lib --without-included-gettext --enable-threads=posix --libdir=/usr/lib --enable-nls --enable-bootstrap --enable-clocale=gnu --enable-libstdcxx-debug --enable-libstdcxx-time=yes --with-default-libstdcxx-abi=new --enable-gnu-unique-object --disable-vtable-verify --enable-plugin --enable-default-pie --with-system-zlib --enable-libphobos-checking=release --with-target-system-zlib=auto --enable-objc-gc=auto --enable-multiarch --disable-werror --enable-cet --with-arch-32=i686 --with-abi=m64 --with-multilib-list=m32,m64,mx32 --enable-multilib --with-tune=generic --enable-offload-targets=nvptx-none=/build/gcc-11-XeT9lY/gcc-11-11.4.0/debian/tmp-nvptx/usr,amdgcn-amdhsa=/build/gcc-11-XeT9lY/gcc-11-11.4.0/debian/tmp-gcn/usr --without-cuda-driver --enable-checking=release --build=x86_64-linux-gnu --host=x86_64-linux-gnu --target=x86_64-linux-gnu --with-build-config=bootstrap-lto-lean --enable-link-serialization=2
Thread model: posix
Supported LTO compression algorithms: zlib zstd
gcc version 11.4.0 (Ubuntu 11.4.0-1ubuntu1~22.04) 
COMPILER_PATH=/usr/lib/gcc/x86_64-linux-gnu/11/:/usr/lib/gcc/x86_64-linux-gnu/11/:/usr/lib/gcc/x86_64-linux-gnu/:/usr/lib/gcc/x86_64-linux-gnu/11/:/usr/lib/gcc/x86_64-linux-gnu/
LIBRARY_PATH=/usr/lib/gcc/x86_64-linux-gnu/11/:/usr/lib/gcc/x86_64-linux-gnu/11/../../../x86_64-linux-gnu/:/usr/lib/gcc/x86_64-linux-gnu/11/../../../../lib/:/lib/x86_64-linux-gnu/:/lib/../lib/:/usr/lib/x86_64-linux-gnu/:/usr/lib/../lib/:/usr/lib/gcc/x86_64-linux-gnu/11/../../../:/lib/:/usr/lib/
COLLECT_GCC_OPTIONS='-v' '-rdynamic' '-o' 'cmTC_31760' '-shared-libgcc' '-mtune=generic' '-march=x86-64' '-dumpdir' 'cmTC_31760.'
 /usr/lib/gcc/x86_64-linux-gnu/11/collect2 -plugin /usr/lib/gcc/x86_64-linux-gnu/11/liblto_plugin.so -plugin-opt=/usr/lib/gcc/x86_64-linux-gnu/11/lto-wrapper -plugin-opt=-fresolution=/tmp/ccScyi7o.res -plugin-opt=-pass-through=-lgcc_s -plugin-opt=-pass-through=-lgcc -plugin-opt=-pass-through=-lc -plugin-opt=-pass-through=-lgcc_s -plugin-opt=-pass-through=-lgcc --build-id --eh-frame-hdr -m elf_x86_64 --hash-style=gnu --as-needed -export-dynamic -dynamic-linker /lib64/ld-linux-x86-64.so.2 -pie -z now -z relro -o cmTC_31760 /usr/lib/gcc/x86_64-linux-gnu/11/../../../x86_64-linux-gnu/Scrt1.o /usr/lib/gcc/x86_64-linux-gnu/11/../../../x86_64-linux-gnu/crti.o /usr/lib/gcc/x86_64-linux-gnu/11/crtbeginS.o -L/usr/lib/gcc/x86_64-linux-gnu/11 -L/usr/lib/gcc/x86_64-linux-gnu/11/../../../x86_64-linux-gnu -L/usr/lib/gcc/x86_64-linux-gnu/11/../../../../lib -L/lib/x86_64-linux-gnu -L/lib/../lib -L/usr/lib/x86_64-linux-gnu -L/usr/lib/../lib -L/usr/lib/gcc/x86_64-linux-gnu/11/../../.. CMakeFiles/cmTC_31760.dir/CMakeCXXCompilerABI.cpp.o -lstdc++ -lm -lgcc_s -lgcc -lc -lgcc_s -lgcc /usr/lib/gcc/x86_64-linux-gnu/11/crtendS.o /usr/lib/gcc/x86_64-linux-gnu/11/../../../x86_64-linux-gnu/crtn.o
COLLECT_GCC_OPTIONS='-v' '-rdynamic' '-o' 'cmTC_31760' '-shared-libgcc' '-mtune=generic' '-march=x86-64' '-dumpdir' 'cmTC_31760.'
gmake[4]: Leaving directory '/home-local/tristan/PhotonLibOSTest/build/_deps/photon-build/gflags-prefix/src/gflags-build/CMakeFiles/CMakeTmp'
gmake[3]: Leaving directory '/home-local/tristan/PhotonLibOSTest/build/_deps/photon-build/gflags-prefix/src/gflags-build/CMakeFiles/CMakeTmp'



Parsed CXX implicit include dir info from above output: rv=done
  found start of include info
  found start of implicit include info
    add: [/usr/include/c++/11]
    add: [/usr/include/x86_64-linux-gnu/c++/11]
    add: [/usr/include/c++/11/backward]
    add: [/usr/lib/gcc/x86_64-linux-gnu/11/include]
    add: [/usr/local/include]
    add: [/usr/include/x86_64-linux-gnu]
    add: [/usr/include]
  end of search list found
  collapse include dir [/usr/include/c++/11] ==> [/usr/include/c++/11]
  collapse include dir [/usr/include/x86_64-linux-gnu/c++/11] ==> [/usr/include/x86_64-linux-gnu/c++/11]
  collapse include dir [/usr/include/c++/11/backward] ==> [/usr/include/c++/11/backward]
  collapse include dir [/usr/lib/gcc/x86_64-linux-gnu/11/include] ==> [/usr/lib/gcc/x86_64-linux-gnu/11/include]
  collapse include dir [/usr/local/include] ==> [/usr/local/include]
  collapse include dir [/usr/include/x86_64-linux-gnu] ==> [/usr/include/x86_64-linux-gnu]
  collapse include dir [/usr/include] ==> [/usr/include]
  implicit include dirs: [/usr/include/c++/11;/usr/include/x86_64-linux-gnu/c++/11;/usr/include/c++/11/backward;/usr/lib/gcc/x86_64-linux-gnu/11/include;/usr/local/include;/usr/include/x86_64-linux-gnu;/usr/include]


Parsed CXX implicit link information from above output:
  link line regex: [^( *|.*[/\])(ld|CMAKE_LINK_STARTFILE-NOTFOUND|([^/\]+-)?ld|collect2)[^/\]*( |$)]
  ignore line: [Change Dir: /home-local/tristan/PhotonLibOSTest/build/_deps/photon-build/gflags-prefix/src/gflags-build/CMakeFiles/CMakeTmp]
  ignore line: []
  ignore line: [Run Build Command(s):/usr/bin/gmake -f Makefile cmTC_31760/fast && gmake[3]: Entering directory '/home-local/tristan/PhotonLibOSTest/build/_deps/photon-build/gflags-prefix/src/gflags-build/CMakeFiles/CMakeTmp']
  ignore line: [/usr/bin/gmake  -f CMakeFiles/cmTC_31760.dir/build.make CMakeFiles/cmTC_31760.dir/build]
  ignore line: [gmake[4]: Entering directory '/home-local/tristan/PhotonLibOSTest/build/_deps/photon-build/gflags-prefix/src/gflags-build/CMakeFiles/CMakeTmp']
  ignore line: [Building CXX object CMakeFiles/cmTC_31760.dir/CMakeCXXCompilerABI.cpp.o]
  ignore line: [/usr/bin/c++   -fPIE   -v -o CMakeFiles/cmTC_31760.dir/CMakeCXXCompilerABI.cpp.o -c /usr/share/cmake-3.22/Modules/CMakeCXXCompilerABI.cpp]
  ignore line: [Using built-in specs.]
  ignore line: [COLLECT_GCC=/usr/bin/c++]
  ignore line: [OFFLOAD_TARGET_NAMES=nvptx-none:amdgcn-amdhsa]
  ignore line: [OFFLOAD_TARGET_DEFAULT=1]
  ignore line: [Target: x86_64-linux-gnu]
  ignore line: [Configured with: ../src/configure -v --with-pkgversion='Ubuntu 11.4.0-1ubuntu1~22.04' --with-bugurl=file:///usr/share/doc/gcc-11/README.Bugs --enable-languages=c ada c++ go brig d fortran objc obj-c++ m2 --prefix=/usr --with-gcc-major-version-only --program-suffix=-11 --program-prefix=x86_64-linux-gnu- --enable-shared --enable-linker-build-id --libexecdir=/usr/lib --without-included-gettext --enable-threads=posix --libdir=/usr/lib --enable-nls --enable-bootstrap --enable-clocale=gnu --enable-libstdcxx-debug --enable-libstdcxx-time=yes --with-default-libstdcxx-abi=new --enable-gnu-unique-object --disable-vtable-verify --enable-plugin --enable-default-pie --with-system-zlib --enable-libphobos-checking=release --with-target-system-zlib=auto --enable-objc-gc=auto --enable-multiarch --disable-werror --enable-cet --with-arch-32=i686 --with-abi=m64 --with-multilib-list=m32 m64 mx32 --enable-multilib --with-tune=generic --enable-offload-targets=nvptx-none=/build/gcc-11-XeT9lY/gcc-11-11.4.0/debian/tmp-nvptx/usr amdgcn-amdhsa=/build/gcc-11-XeT9lY/gcc-11-11.4.0/debian/tmp-gcn/usr --without-cuda-driver --enable-checking=release --build=x86_64-linux-gnu --host=x86_64-linux-gnu --target=x86_64-linux-gnu --with-build-config=bootstrap-lto-lean --enable-link-serialization=2]
  ignore line: [Thread model: posix]
  ignore line: [Supported LTO compression algorithms: zlib zstd]
  ignore line: [gcc version 11.4.0 (Ubuntu 11.4.0-1ubuntu1~22.04) ]
  ignore line: [COLLECT_GCC_OPTIONS='-fPIE' '-v' '-o' 'CMakeFiles/cmTC_31760.dir/CMakeCXXCompilerABI.cpp.o' '-c' '-shared-libgcc' '-mtune=generic' '-march=x86-64' '-dumpdir' 'CMakeFiles/cmTC_31760.dir/']
  ignore line: [ /usr/lib/gcc/x86_64-linux-gnu/11/cc1plus -quiet -v -imultiarch x86_64-linux-gnu -D_GNU_SOURCE /usr/share/cmake-3.22/Modules/CMakeCXXCompilerABI.cpp -quiet -dumpdir CMakeFiles/cmTC_31760.dir/ -dumpbase CMakeCXXCompilerABI.cpp.cpp -dumpbase-ext .cpp -mtune=generic -march=x86-64 -version -fPIE -fasynchronous-unwind-tables -fstack-protector-strong -Wformat -Wformat-security -fstack-clash-protection -fcf-protection -o /tmp/ccoDVgpY.s]
  ignore line: [GNU C++17 (Ubuntu 11.4.0-1ubuntu1~22.04) version 11.4.0 (x86_64-linux-gnu)]
  ignore line: [	compiled by GNU C version 11.4.0  GMP version 6.2.1  MPFR version 4.1.0  MPC version 1.2.1  isl version isl-0.24-GMP]
  ignore line: []
  ignore line: [GGC heuristics: --param ggc-min-expand=100 --param ggc-min-heapsize=131072]
  ignore line: [ignoring duplicate directory "/usr/include/x86_64-linux-gnu/c++/11"]
  ignore line: [ignoring nonexistent directory "/usr/local/include/x86_64-linux-gnu"]
  ignore line: [ignoring nonexistent directory "/usr/lib/gcc/x86_64-linux-gnu/11/include-fixed"]
  ignore line: [ignoring nonexistent directory "/usr/lib/gcc/x86_64-linux-gnu/11/../../../../x86_64-linux-gnu/include"]
  ignore line: [#include "..." search starts here:]
  ignore line: [#include <...> search starts here:]
  ignore line: [ /usr/include/c++/11]
  ignore line: [ /usr/include/x86_64-linux-gnu/c++/11]
  ignore line: [ /usr/include/c++/11/backward]
  ignore line: [ /usr/lib/gcc/x86_64-linux-gnu/11/include]
  ignore line: [ /usr/local/include]
  ignore line: [ /usr/include/x86_64-linux-gnu]
  ignore line: [ /usr/include]
  ignore line: [End of search list.]
  ignore line: [GNU C++17 (Ubuntu 11.4.0-1ubuntu1~22.04) version 11.4.0 (x86_64-linux-gnu)]
  ignore line: [	compiled by GNU C version 11.4.0  GMP version 6.2.1  MPFR version 4.1.0  MPC version 1.2.1  isl version isl-0.24-GMP]
  ignore line: []
  ignore line: [GGC heuristics: --param ggc-min-expand=100 --param ggc-min-heapsize=131072]
  ignore line: [Compiler executable checksum: d591828bb4d392ae8b7b160e5bb0b95f]
  ignore line: [COLLECT_GCC_OPTIONS='-fPIE' '-v' '-o' 'CMakeFiles/cmTC_31760.dir/CMakeCXXCompilerABI.cpp.o' '-c' '-shared-libgcc' '-mtune=generic' '-march=x86-64' '-dumpdir' 'CMakeFiles/cmTC_31760.dir/']
  ignore line: [ as -v --64 -o CMakeFiles/cmTC_31760.dir/CMakeCXXCompilerABI.cpp.o /tmp/ccoDVgpY.s]
  ignore line: [GNU assembler version 2.38 (x86_64-linux-gnu) using BFD version (GNU Binutils for Ubuntu) 2.38]
  ignore line: [COMPILER_PATH=/usr/lib/gcc/x86_64-linux-gnu/11/:/usr/lib/gcc/x86_64-linux-gnu/11/:/usr/lib/gcc/x86_64-linux-gnu/:/usr/lib/gcc/x86_64-linux-gnu/11/:/usr/lib/gcc/x86_64-linux-gnu/]
  ignore line: [LIBRARY_PATH=/usr/lib/gcc/x86_64-linux-gnu/11/:/usr/lib/gcc/x86_64-linux-gnu/11/../../../x86_64-linux-gnu/:/usr/lib/gcc/x86_64-linux-gnu/11/../../../../lib/:/lib/x86_64-linux-gnu/:/lib/../lib/:/usr/lib/x86_64-linux-gnu/:/usr/lib/../lib/:/usr/lib/gcc/x86_64-linux-gnu/11/../../../:/lib/:/usr/lib/]
  ignore line: [COLLECT_GCC_OPTIONS='-fPIE' '-v' '-o' 'CMakeFiles/cmTC_31760.dir/CMakeCXXCompilerABI.cpp.o' '-c' '-shared-libgcc' '-mtune=generic' '-march=x86-64' '-dumpdir' 'CMakeFiles/cmTC_31760.dir/CMakeCXXCompilerABI.cpp.']
  ignore line: [Linking CXX executable cmTC_31760]
  ignore line: [/usr/bin/cmake -E cmake_link_script CMakeFiles/cmTC_31760.dir/link.txt --verbose=1]
  ignore line: [/usr/bin/c++  -v -rdynamic CMakeFiles/cmTC_31760.dir/CMakeCXXCompilerABI.cpp.o -o cmTC_31760 ]
  ignore line: [Using built-in specs.]
  ignore line: [COLLECT_GCC=/usr/bin/c++]
  ignore line: [COLLECT_LTO_WRAPPER=/usr/lib/gcc/x86_64-linux-gnu/11/lto-wrapper]
  ignore line: [OFFLOAD_TARGET_NAMES=nvptx-none:amdgcn-amdhsa]
  ignore line: [OFFLOAD_TARGET_DEFAULT=1]
  ignore line: [Target: x86_64-linux-gnu]
  ignore line: [Configured with: ../src/configure -v --with-pkgversion='Ubuntu 11.4.0-1ubuntu1~22.04' --with-bugurl=file:///usr/share/doc/gcc-11/README.Bugs --enable-languages=c ada c++ go brig d fortran objc obj-c++ m2 --prefix=/usr --with-gcc-major-version-only --program-suffix=-11 --program-prefix=x86_64-linux-gnu- --enable-shared --enable-linker-build-id --libexecdir=/usr/lib --without-included-gettext --enable-threads=posix --libdir=/usr/lib --enable-nls --enable-bootstrap --enable-clocale=gnu --enable-libstdcxx-debug --enable-libstdcxx-time=yes --with-default-libstdcxx-abi=new --enable-gnu-unique-object --disable-vtable-verify --enable-plugin --enable-default-pie --with-system-zlib --enable-libphobos-checking=release --with-target-system-zlib=auto --enable-objc-gc=auto --enable-multiarch --disable-werror --enable-cet --with-arch-32=i686 --with-abi=m64 --with-multilib-list=m32 m64 mx32 --enable-multilib --with-tune=generic --enable-offload-targets=nvptx-none=/build/gcc-11-XeT9lY/gcc-11-11.4.0/debian/tmp-nvptx/usr amdgcn-amdhsa=/build/gcc-11-XeT9lY/gcc-11-11.4.0/debian/tmp-gcn/usr --without-cuda-driver --enable-checking=release --build=x86_64-linux-gnu --host=x86_64-linux-gnu --target=x86_64-linux-gnu --with-build-config=bootstrap-lto-lean --enable-link-serialization=2]
  ignore line: [Thread model: posix]
  ignore line: [Supported LTO compression algorithms: zlib zstd]
  ignore line: [gcc version 11.4.0 (Ubuntu 11.4.0-1ubuntu1~22.04) ]
  ignore line: [COMPILER_PATH=/usr/lib/gcc/x86_64-linux-gnu/11/:/usr/lib/gcc/x86_64-linux-gnu/11/:/usr/lib/gcc/x86_64-linux-gnu/:/usr/lib/gcc/x86_64-linux-gnu/11/:/usr/lib/gcc/x86_64-linux-gnu/]
  ignore line: [LIBRARY_PATH=/usr/lib/gcc/x86_64-linux-gnu/11/:/usr/lib/gcc/x86_64-linux-gnu/11/../../../x86_64-linux-gnu/:/usr/lib/gcc/x86_64-linux-gnu/11/../../../../lib/:/lib/x86_64-linux-gnu/:/lib/../lib/:/usr/lib/x86_64-linux-gnu/:/usr/lib/../lib/:/usr/lib/gcc/x86_64-linux-gnu/11/../../../:/lib/:/usr/lib/]
  ignore line: [COLLECT_GCC_OPTIONS='-v' '-rdynamic' '-o' 'cmTC_31760' '-shared-libgcc' '-mtune=generic' '-march=x86-64' '-dumpdir' 'cmTC_31760.']
  link line: [ /usr/lib/gcc/x86_64-linux-gnu/11/collect2 -plugin /usr/lib/gcc/x86_64-linux-gnu/11/liblto_plugin.so -plugin-opt=/usr/lib/gcc/x86_64-linux-gnu/11/lto-wrapper -plugin-opt=-fresolution=/tmp/ccScyi7o.res -plugin-opt=-pass-through=-lgcc_s -plugin-opt=-pass-through=-lgcc -plugin-opt=-pass-through=-lc -plugin-opt=-pass-through=-lgcc_s -plugin-opt=-pass-through=-lgcc --build-id --eh-frame-hdr -m elf_x86_64 --hash-style=gnu --as-needed -export-dynamic -dynamic-linker /lib64/ld-linux-x86-64.so.2 -pie -z now -z relro -o cmTC_31760 /usr/lib/gcc/x86_64-linux-gnu/11/../../../x86_64-linux-gnu/Scrt1.o /usr/lib/gcc/x86_64-linux-gnu/11/../../../x86_64-linux-gnu/crti.o /usr/lib/gcc/x86_64-linux-gnu/11/crtbeginS.o -L/usr/lib/gcc/x86_64-linux-gnu/11 -L/usr/lib/gcc/x86_64-linux-gnu/11/../../../x86_64-linux-gnu -L/usr/lib/gcc/x86_64-linux-gnu/11/../../../../lib -L/lib/x86_64-linux-gnu -L/lib/../lib -L/usr/lib/x86_64-linux-gnu -L/usr/lib/../lib -L/usr/lib/gcc/x86_64-linux-gnu/11/../../.. CMakeFiles/cmTC_31760.dir/CMakeCXXCompilerABI.cpp.o -lstdc++ -lm -lgcc_s -lgcc -lc -lgcc_s -lgcc /usr/lib/gcc/x86_64-linux-gnu/11/crtendS.o /usr/lib/gcc/x86_64-linux-gnu/11/../../../x86_64-linux-gnu/crtn.o]
    arg [/usr/lib/gcc/x86_64-linux-gnu/11/collect2] ==> ignore
    arg [-plugin] ==> ignore
    arg [/usr/lib/gcc/x86_64-linux-gnu/11/liblto_plugin.so] ==> ignore
    arg [-plugin-opt=/usr/lib/gcc/x86_64-linux-gnu/11/lto-wrapper] ==> ignore
    arg [-plugin-opt=-fresolution=/tmp/ccScyi7o.res] ==> ignore
    arg [-plugin-opt=-pass-through=-lgcc_s] ==> ignore
    arg [-plugin-opt=-pass-through=-lgcc] ==> ignore
    arg [-plugin-opt=-pass-through=-lc] ==> ignore
    arg [-plugin-opt=-pass-through=-lgcc_s] ==> ignore
    arg [-plugin-opt=-pass-through=-lgcc] ==> ignore
    arg [--build-id] ==> ignore
    arg [--eh-frame-hdr] ==> ignore
    arg [-m] ==> ignore
    arg [elf_x86_64] ==> ignore
    arg [--hash-style=gnu] ==> ignore
    arg [--as-needed] ==> ignore
    arg [-export-dynamic] ==> ignore
    arg [-dynamic-linker] ==> ignore
    arg [/lib64/ld-linux-x86-64.so.2] ==> ignore
    arg [-pie] ==> ignore
    arg [-znow] ==> ignore
    arg [-zrelro] ==> ignore
    arg [-o] ==> ignore
    arg [cmTC_31760] ==> ignore
    arg [/usr/lib/gcc/x86_64-linux-gnu/11/../../../x86_64-linux-gnu/Scrt1.o] ==> obj [/usr/lib/gcc/x86_64-linux-gnu/11/../../../x86_64-linux-gnu/Scrt1.o]
    arg [/usr/lib/gcc/x86_64-linux-gnu/11/../../../x86_64-linux-gnu/crti.o] ==> obj [/usr/lib/gcc/x86_64-linux-gnu/11/../../../x86_64-linux-gnu/crti.o]
    arg [/usr/lib/gcc/x86_64-linux-gnu/11/crtbeginS.o] ==> obj [/usr/lib/gcc/x86_64-linux-gnu/11/crtbeginS.o]
    arg [-L/usr/lib/gcc/x86_64-linux-gnu/11] ==> dir [/usr/lib/gcc/x86_64-linux-gnu/11]
    arg [-L/usr/lib/gcc/x86_64-linux-gnu/11/../../../x86_64-linux-gnu] ==> dir [/usr/lib/gcc/x86_64-linux-gnu/11/../../../x86_64-linux-gnu]
    arg [-L/usr/lib/gcc/x86_64-linux-gnu/11/../../../../lib] ==> dir [/usr/lib/gcc/x86_64-linux-gnu/11/../../../../lib]
    arg [-L/lib/x86_64-linux-gnu] ==> dir [/lib/x86_64-linux-gnu]
    arg [-L/lib/../lib] ==> dir [/lib/../lib]
    arg [-L/usr/lib/x86_64-linux-gnu] ==> dir [/usr/lib/x86_64-linux-gnu]
    arg [-L/usr/lib/../lib] ==> dir [/usr/lib/../lib]
    arg [-L/usr/lib/gcc/x86_64-linux-gnu/11/../../..] ==> dir [/usr/lib/gcc/x86_64-linux-gnu/11/../../..]
    arg [CMakeFiles/cmTC_31760.dir/CMakeCXXCompilerABI.cpp.o] ==> ignore
    arg [-lstdc++] ==> lib [stdc++]
    arg [-lm] ==> lib [m]
    arg [-lgcc_s] ==> lib [gcc_s]
    arg [-lgcc] ==> lib [gcc]
    arg [-lc] ==> lib [c]
    arg [-lgcc_s] ==> lib [gcc_s]
    arg [-lgcc] ==> lib [gcc]
    arg [/usr/lib/gcc/x86_64-linux-gnu/11/crtendS.o] ==> obj [/usr/lib/gcc/x86_64-linux-gnu/11/crtendS.o]
    arg [/usr/lib/gcc/x86_64-linux-gnu/11/../../../x86_64-linux-gnu/crtn.o] ==> obj [/usr/lib/gcc/x86_64-linux-gnu/11/../../../x86_64-linux-gnu/crtn.o]
  collapse obj [/usr/lib/gcc/x86_64-linux-gnu/11/../../../x86_64-linux-gnu/Scrt1.o] ==> [/usr/lib/x86_64-linux-gnu/Scrt1.o]
  collapse obj [/usr/lib/gcc/x86_64-linux-gnu/11/../../../x86_64-linux-gnu/crti.o] ==> [/usr/lib/x86_64-linux-gnu/crti.o]
  collapse obj [/usr/lib/gcc/x86_64-linux-gnu/11/../../../x86_64-linux-gnu/crtn.o] ==> [/usr/lib/x86_64-linux-gnu/crtn.o]
  collapse library dir [/usr/lib/gcc/x86_64-linux-gnu/11] ==> [/usr/lib/gcc/x86_64-linux-gnu/11]
  collapse library dir [/usr/lib/gcc/x86_64-linux-gnu/11/../../../x86_64-linux-gnu] ==> [/usr/lib/x86_64-linux-gnu]
  collapse library dir [/usr/lib/gcc/x86_64-linux-gnu/11/../../../../lib] ==> [/usr/lib]
  collapse library dir [/lib/x86_64-linux-gnu] ==> [/lib/x86_64-linux-gnu]
  collapse library dir [/lib/../lib] ==> [/lib]
  collapse library dir [/usr/lib/x86_64-linux-gnu] ==> [/usr/lib/x86_64-linux-gnu]
  collapse library dir [/usr/lib/../lib] ==> [/usr/lib]
  collapse library dir [/usr/lib/gcc/x86_64-linux-gnu/11/../../..] ==> [/usr/lib]
  implicit libs: [stdc++;m;gcc_s;gcc;c;gcc_s;gcc]
  implicit objs: [/usr/lib/x86_64-linux-gnu/Scrt1.o;/usr/lib/x86_64-linux-gnu/crti.o;/usr/lib/gcc/x86_64-linux-gnu/11/crtbeginS.o;/usr/lib/gcc/x86_64-linux-gnu/11/crtendS.o;/usr/lib/x86_64-linux-gnu/crtn.o]
  implicit dirs: [/usr/lib/gcc/x86_64-linux-gnu/11;/usr/lib/x86_64-linux-gnu;/usr/lib;/lib/x86_64-linux-gnu;/lib]
  implicit fwks: []


Determining if the include file unistd.h exists passed with the following output:
Change Dir: /home-local/tristan/PhotonLibOSTest/build/_deps/photon-build/gflags-prefix/src/gflags-build/CMakeFiles/CMakeTmp

Run Build Command(s):/usr/bin/gmake -f Makefile cmTC_4c928/fast && gmake[3]: Entering directory '/home-local/tristan/PhotonLibOSTest/build/_deps/photon-build/gflags-prefix/src/gflags-build/CMakeFiles/CMakeTmp'
/usr/bin/gmake  -f CMakeFiles/cmTC_4c928.dir/build.make CMakeFiles/cmTC_4c928.dir/build
gmake[4]: Entering directory '/home-local/tristan/PhotonLibOSTest/build/_deps/photon-build/gflags-prefix/src/gflags-build/CMakeFiles/CMakeTmp'
Building CXX object CMakeFiles/cmTC_4c928.dir/CheckIncludeFile.cxx.o
/usr/bin/c++   -fPIE -o CMakeFiles/cmTC_4c928.dir/CheckIncludeFile.cxx.o -c /home-local/tristan/PhotonLibOSTest/build/_deps/photon-build/gflags-prefix/src/gflags-build/CMakeFiles/CMakeTmp/CheckIncludeFile.cxx
Linking CXX executable cmTC_4c928
/usr/bin/cmake -E cmake_link_script CMakeFiles/cmTC_4c928.dir/link.txt --verbose=1
/usr/bin/c++ -rdynamic CMakeFiles/cmTC_4c928.dir/CheckIncludeFile.cxx.o -o cmTC_4c928 
gmake[4]: Leaving directory '/home-local/tristan/PhotonLibOSTest/build/_deps/photon-build/gflags-prefix/src/gflags-build/CMakeFiles/CMakeTmp'
gmake[3]: Leaving directory '/home-local/tristan/PhotonLibOSTest/build/_deps/photon-build/gflags-prefix/src/gflags-build/CMakeFiles/CMakeTmp'



Determining if the include file stdint.h exists passed with the following output:
Change Dir: /home-local/tristan/PhotonLibOSTest/build/_deps/photon-build/gflags-prefix/src/gflags-build/CMakeFiles/CMakeTmp

Run Build Command(s):/usr/bin/gmake -f Makefile cmTC_8b2aa/fast && gmake[3]: Entering directory '/home-local/tristan/PhotonLibOSTest/build/_deps/photon-build/gflags-prefix/src/gflags-build/CMakeFiles/CMakeTmp'
/usr/bin/gmake  -f CMakeFiles/cmTC_8b2aa.dir/build.make CMakeFiles/cmTC_8b2aa.dir/build
gmake[4]: Entering directory '/home-local/tristan/PhotonLibOSTest/build/_deps/photon-build/gflags-prefix/src/gflags-build/CMakeFiles/CMakeTmp'
Building CXX object CMakeFiles/cmTC_8b2aa.dir/CheckIncludeFile.cxx.o
/usr/bin/c++   -fPIE -o CMakeFiles/cmTC_8b2aa.dir/CheckIncludeFile.cxx.o -c /home-local/tristan/PhotonLibOSTest/build/_deps/photon-build/gflags-prefix/src/gflags-build/CMakeFiles/CMakeTmp/CheckIncludeFile.cxx
Linking CXX executable cmTC_8b2aa
/usr/bin/cmake -E cmake_link_script CMakeFiles/cmTC_8b2aa.dir/link.txt --verbose=1
/usr/bin/c++ -rdynamic CMakeFiles/cmTC_8b2aa.dir/CheckIncludeFile.cxx.o -o cmTC_8b2aa 
gmake[4]: Leaving directory '/home-local/tristan/PhotonLibOSTest/build/_deps/photon-build/gflags-prefix/src/gflags-build/CMakeFiles/CMakeTmp'
gmake[3]: Leaving directory '/home-local/tristan/PhotonLibOSTest/build/_deps/photon-build/gflags-prefix/src/gflags-build/CMakeFiles/CMakeTmp'



Determining if the include file inttypes.h exists passed with the following output:
Change Dir: /home-local/tristan/PhotonLibOSTest/build/_deps/photon-build/gflags-prefix/src/gflags-build/CMakeFiles/CMakeTmp

Run Build Command(s):/usr/bin/gmake -f Makefile cmTC_5d4b0/fast && gmake[3]: Entering directory '/home-local/tristan/PhotonLibOSTest/build/_deps/photon-build/gflags-prefix/src/gflags-build/CMakeFiles/CMakeTmp'
/usr/bin/gmake  -f CMakeFiles/cmTC_5d4b0.dir/build.make CMakeFiles/cmTC_5d4b0.dir/build
gmake[4]: Entering directory '/home-local/tristan/PhotonLibOSTest/build/_deps/photon-build/gflags-prefix/src/gflags-build/CMakeFiles/CMakeTmp'
Building CXX object CMakeFiles/cmTC_5d4b0.dir/CheckIncludeFile.cxx.o
/usr/bin/c++   -fPIE -o CMakeFiles/cmTC_5d4b0.dir/CheckIncludeFile.cxx.o -c /home-local/tristan/PhotonLibOSTest/build/_deps/photon-build/gflags-prefix/src/gflags-build/CMakeFiles/CMakeTmp/CheckIncludeFile.cxx
Linking CXX executable cmTC_5d4b0
/usr/bin/cmake -E cmake_link_script CMakeFiles/cmTC_5d4b0.dir/link.txt --verbose=1
/usr/bin/c++ -rdynamic CMakeFiles/cmTC_5d4b0.dir/CheckIncludeFile.cxx.o -o cmTC_5d4b0 
gmake[4]: Leaving directory '/home-local/tristan/PhotonLibOSTest/build/_deps/photon-build/gflags-prefix/src/gflags-build/CMakeFiles/CMakeTmp'
gmake[3]: Leaving directory '/home-local/tristan/PhotonLibOSTest/build/_deps/photon-build/gflags-prefix/src/gflags-build/CMakeFiles/CMakeTmp'



Determining if the include file sys/types.h exists passed with the following output:
Change Dir: /home-local/tristan/PhotonLibOSTest/build/_deps/photon-build/gflags-prefix/src/gflags-build/CMakeFiles/CMakeTmp

Run Build Command(s):/usr/bin/gmake -f Makefile cmTC_8e3eb/fast && gmake[3]: Entering directory '/home-local/tristan/PhotonLibOSTest/build/_deps/photon-build/gflags-prefix/src/gflags-build/CMakeFiles/CMakeTmp'
/usr/bin/gmake  -f CMakeFiles/cmTC_8e3eb.dir/build.make CMakeFiles/cmTC_8e3eb.dir/build
gmake[4]: Entering directory '/home-local/tristan/PhotonLibOSTest/build/_deps/photon-build/gflags-prefix/src/gflags-build/CMakeFiles/CMakeTmp'
Building CXX object CMakeFiles/cmTC_8e3eb.dir/CheckIncludeFile.cxx.o
/usr/bin/c++   -fPIE -o CMakeFiles/cmTC_8e3eb.dir/CheckIncludeFile.cxx.o -c /home-local/tristan/PhotonLibOSTest/build/_deps/photon-build/gflags-prefix/src/gflags-build/CMakeFiles/CMakeTmp/CheckIncludeFile.cxx
Linking CXX executable cmTC_8e3eb
/usr/bin/cmake -E cmake_link_script CMakeFiles/cmTC_8e3eb.dir/link.txt --verbose=1
/usr/bin/c++ -rdynamic CMakeFiles/cmTC_8e3eb.dir/CheckIncludeFile.cxx.o -o cmTC_8e3eb 
gmake[4]: Leaving directory '/home-local/tristan/PhotonLibOSTest/build/_deps/photon-build/gflags-prefix/src/gflags-build/CMakeFiles/CMakeTmp'
gmake[3]: Leaving directory '/home-local/tristan/PhotonLibOSTest/build/_deps/photon-build/gflags-prefix/src/gflags-build/CMakeFiles/CMakeTmp'



Determining if the include file sys/stat.h exists passed with the following output:
Change Dir: /home-local/tristan/PhotonLibOSTest/build/_deps/photon-build/gflags-prefix/src/gflags-build/CMakeFiles/CMakeTmp

Run Build Command(s):/usr/bin/gmake -f Makefile cmTC_8eaa2/fast && gmake[3]: Entering directory '/home-local/tristan/PhotonLibOSTest/build/_deps/photon-build/gflags-prefix/src/gflags-build/CMakeFiles/CMakeTmp'
/usr/bin/gmake  -f CMakeFiles/cmTC_8eaa2.dir/build.make CMakeFiles/cmTC_8eaa2.dir/build
gmake[4]: Entering directory '/home-local/tristan/PhotonLibOSTest/build/_deps/photon-build/gflags-prefix/src/gflags-build/CMakeFiles/CMakeTmp'
Building CXX object CMakeFiles/cmTC_8eaa2.dir/CheckIncludeFile.cxx.o
/usr/bin/c++   -fPIE -o CMakeFiles/cmTC_8eaa2.dir/CheckIncludeFile.cxx.o -c /home-local/tristan/PhotonLibOSTest/build/_deps/photon-build/gflags-prefix/src/gflags-build/CMakeFiles/CMakeTmp/CheckIncludeFile.cxx
Linking CXX executable cmTC_8eaa2
/usr/bin/cmake -E cmake_link_script CMakeFiles/cmTC_8eaa2.dir/link.txt --verbose=1
/usr/bin/c++ -rdynamic CMakeFiles/cmTC_8eaa2.dir/CheckIncludeFile.cxx.o -o cmTC_8eaa2 
gmake[4]: Leaving directory '/home-local/tristan/PhotonLibOSTest/build/_deps/photon-build/gflags-prefix/src/gflags-build/CMakeFiles/CMakeTmp'
gmake[3]: Leaving directory '/home-local/tristan/PhotonLibOSTest/build/_deps/photon-build/gflags-prefix/src/gflags-build/CMakeFiles/CMakeTmp'



Determining if the include file fnmatch.h exists passed with the following output:
Change Dir: /home-local/tristan/PhotonLibOSTest/build/_deps/photon-build/gflags-prefix/src/gflags-build/CMakeFiles/CMakeTmp

Run Build Command(s):/usr/bin/gmake -f Makefile cmTC_ceac1/fast && gmake[3]: Entering directory '/home-local/tristan/PhotonLibOSTest/build/_deps/photon-build/gflags-prefix/src/gflags-build/CMakeFiles/CMakeTmp'
/usr/bin/gmake  -f CMakeFiles/cmTC_ceac1.dir/build.make CMakeFiles/cmTC_ceac1.dir/build
gmake[4]: Entering directory '/home-local/tristan/PhotonLibOSTest/build/_deps/photon-build/gflags-prefix/src/gflags-build/CMakeFiles/CMakeTmp'
Building CXX object CMakeFiles/cmTC_ceac1.dir/CheckIncludeFile.cxx.o
/usr/bin/c++   -fPIE -o CMakeFiles/cmTC_ceac1.dir/CheckIncludeFile.cxx.o -c /home-local/tristan/PhotonLibOSTest/build/_deps/photon-build/gflags-prefix/src/gflags-build/CMakeFiles/CMakeTmp/CheckIncludeFile.cxx
Linking CXX executable cmTC_ceac1
/usr/bin/cmake -E cmake_link_script CMakeFiles/cmTC_ceac1.dir/link.txt --verbose=1
/usr/bin/c++ -rdynamic CMakeFiles/cmTC_ceac1.dir/CheckIncludeFile.cxx.o -o cmTC_ceac1 
gmake[4]: Leaving directory '/home-local/tristan/PhotonLibOSTest/build/_deps/photon-build/gflags-prefix/src/gflags-build/CMakeFiles/CMakeTmp'
gmake[3]: Leaving directory '/home-local/tristan/PhotonLibOSTest/build/_deps/photon-build/gflags-prefix/src/gflags-build/CMakeFiles/CMakeTmp'



Determining if the include file stddef.h exists passed with the following output:
Change Dir: /home-local/tristan/PhotonLibOSTest/build/_deps/photon-build/gflags-prefix/src/gflags-build/CMakeFiles/CMakeTmp

Run Build Command(s):/usr/bin/gmake -f Makefile cmTC_acb6a/fast && gmake[3]: Entering directory '/home-local/tristan/PhotonLibOSTest/build/_deps/photon-build/gflags-prefix/src/gflags-build/CMakeFiles/CMakeTmp'
/usr/bin/gmake  -f CMakeFiles/cmTC_acb6a.dir/build.make CMakeFiles/cmTC_acb6a.dir/build
gmake[4]: Entering directory '/home-local/tristan/PhotonLibOSTest/build/_deps/photon-build/gflags-prefix/src/gflags-build/CMakeFiles/CMakeTmp'
Building CXX object CMakeFiles/cmTC_acb6a.dir/CheckIncludeFile.cxx.o
/usr/bin/c++   -fPIE -o CMakeFiles/cmTC_acb6a.dir/CheckIncludeFile.cxx.o -c /home-local/tristan/PhotonLibOSTest/build/_deps/photon-build/gflags-prefix/src/gflags-build/CMakeFiles/CMakeTmp/CheckIncludeFile.cxx
Linking CXX executable cmTC_acb6a
/usr/bin/cmake -E cmake_link_script CMakeFiles/cmTC_acb6a.dir/link.txt --verbose=1
/usr/bin/c++ -rdynamic CMakeFiles/cmTC_acb6a.dir/CheckIncludeFile.cxx.o -o cmTC_acb6a 
gmake[4]: Leaving directory '/home-local/tristan/PhotonLibOSTest/build/_deps/photon-build/gflags-prefix/src/gflags-build/CMakeFiles/CMakeTmp'
gmake[3]: Leaving directory '/home-local/tristan/PhotonLibOSTest/build/_deps/photon-build/gflags-prefix/src/gflags-build/CMakeFiles/CMakeTmp'



Determining size of uint32_t passed with the following output:
Change Dir: /home-local/tristan/PhotonLibOSTest/build/_deps/photon-build/gflags-prefix/src/gflags-build/CMakeFiles/CMakeTmp

Run Build Command(s):/usr/bin/gmake -f Makefile cmTC_a336b/fast && gmake[3]: Entering directory '/home-local/tristan/PhotonLibOSTest/build/_deps/photon-build/gflags-prefix/src/gflags-build/CMakeFiles/CMakeTmp'
/usr/bin/gmake  -f CMakeFiles/cmTC_a336b.dir/build.make CMakeFiles/cmTC_a336b.dir/build
gmake[4]: Entering directory '/home-local/tristan/PhotonLibOSTest/build/_deps/photon-build/gflags-prefix/src/gflags-build/CMakeFiles/CMakeTmp'
Building CXX object CMakeFiles/cmTC_a336b.dir/uint32_t.cpp.o
/usr/bin/c++   -fPIE -o CMakeFiles/cmTC_a336b.dir/uint32_t.cpp.o -c /home-local/tristan/PhotonLibOSTest/build/_deps/photon-build/gflags-prefix/src/gflags-build/CMakeFiles/CheckTypeSize/uint32_t.cpp
Linking CXX executable cmTC_a336b
/usr/bin/cmake -E cmake_link_script CMakeFiles/cmTC_a336b.dir/link.txt --verbose=1
/usr/bin/c++ -rdynamic CMakeFiles/cmTC_a336b.dir/uint32_t.cpp.o -o cmTC_a336b 
gmake[4]: Leaving directory '/home-local/tristan/PhotonLibOSTest/build/_deps/photon-build/gflags-prefix/src/gflags-build/CMakeFiles/CMakeTmp'
gmake[3]: Leaving directory '/home-local/tristan/PhotonLibOSTest/build/_deps/photon-build/gflags-prefix/src/gflags-build/CMakeFiles/CMakeTmp'



Determining if the strtoll exist passed with the following output:
Change Dir: /home-local/tristan/PhotonLibOSTest/build/_deps/photon-build/gflags-prefix/src/gflags-build/CMakeFiles/CMakeTmp

Run Build Command(s):/usr/bin/gmake -f Makefile cmTC_72367/fast && gmake[3]: Entering directory '/home-local/tristan/PhotonLibOSTest/build/_deps/photon-build/gflags-prefix/src/gflags-build/CMakeFiles/CMakeTmp'
/usr/bin/gmake  -f CMakeFiles/cmTC_72367.dir/build.make CMakeFiles/cmTC_72367.dir/build
gmake[4]: Entering directory '/home-local/tristan/PhotonLibOSTest/build/_deps/photon-build/gflags-prefix/src/gflags-build/CMakeFiles/CMakeTmp'
Building CXX object CMakeFiles/cmTC_72367.dir/CheckSymbolExists.cxx.o
/usr/bin/c++   -fPIE -o CMakeFiles/cmTC_72367.dir/CheckSymbolExists.cxx.o -c /home-local/tristan/PhotonLibOSTest/build/_deps/photon-build/gflags-prefix/src/gflags-build/CMakeFiles/CMakeTmp/CheckSymbolExists.cxx
Linking CXX executable cmTC_72367
/usr/bin/cmake -E cmake_link_script CMakeFiles/cmTC_72367.dir/link.txt --verbose=1
/usr/bin/c++ -rdynamic CMakeFiles/cmTC_72367.dir/CheckSymbolExists.cxx.o -o cmTC_72367 
gmake[4]: Leaving directory '/home-local/tristan/PhotonLibOSTest/build/_deps/photon-build/gflags-prefix/src/gflags-build/CMakeFiles/CMakeTmp'
gmake[3]: Leaving directory '/home-local/tristan/PhotonLibOSTest/build/_deps/photon-build/gflags-prefix/src/gflags-build/CMakeFiles/CMakeTmp'


File /home-local/tristan/PhotonLibOSTest/build/_deps/photon-build/gflags-prefix/src/gflags-build/CMakeFiles/CMakeTmp/CheckSymbolExists.cxx:
/* */
#include <stdlib.h>

int main(int argc, char** argv)
{
  (void)argv;
#ifndef strtoll
  return ((int*)(&strtoll))[argc];
#else
  (void)argc;
  return 0;
#endif
}
Determining if the include file pthread.h exists passed with the following output:
Change Dir: /home-local/tristan/PhotonLibOSTest/build/_deps/photon-build/gflags-prefix/src/gflags-build/CMakeFiles/CMakeTmp

Run Build Command(s):/usr/bin/gmake -f Makefile cmTC_0d737/fast && gmake[3]: Entering directory '/home-local/tristan/PhotonLibOSTest/build/_deps/photon-build/gflags-prefix/src/gflags-build/CMakeFiles/CMakeTmp'
/usr/bin/gmake  -f CMakeFiles/cmTC_0d737.dir/build.make CMakeFiles/cmTC_0d737.dir/build
gmake[4]: Entering directory '/home-local/tristan/PhotonLibOSTest/build/_deps/photon-build/gflags-prefix/src/gflags-build/CMakeFiles/CMakeTmp'
Building CXX object CMakeFiles/cmTC_0d737.dir/CheckIncludeFile.cxx.o
/usr/bin/c++   -fPIE -o CMakeFiles/cmTC_0d737.dir/CheckIncludeFile.cxx.o -c /home-local/tristan/PhotonLibOSTest/build/_deps/photon-build/gflags-prefix/src/gflags-build/CMakeFiles/CMakeTmp/CheckIncludeFile.cxx
Linking CXX executable cmTC_0d737
/usr/bin/cmake -E cmake_link_script CMakeFiles/cmTC_0d737.dir/link.txt --verbose=1
/usr/bin/c++ -rdynamic CMakeFiles/cmTC_0d737.dir/CheckIncludeFile.cxx.o -o cmTC_0d737 
gmake[4]: Leaving directory '/home-local/tristan/PhotonLibOSTest/build/_deps/photon-build/gflags-prefix/src/gflags-build/CMakeFiles/CMakeTmp'
gmake[3]: Leaving directory '/home-local/tristan/PhotonLibOSTest/build/_deps/photon-build/gflags-prefix/src/gflags-build/CMakeFiles/CMakeTmp'



Performing C++ SOURCE FILE Test CMAKE_HAVE_LIBC_PTHREAD succeeded with the following output:
Change Dir: /home-local/tristan/PhotonLibOSTest/build/_deps/photon-build/gflags-prefix/src/gflags-build/CMakeFiles/CMakeTmp

Run Build Command(s):/usr/bin/gmake -f Makefile cmTC_97077/fast && gmake[3]: Entering directory '/home-local/tristan/PhotonLibOSTest/build/_deps/photon-build/gflags-prefix/src/gflags-build/CMakeFiles/CMakeTmp'
/usr/bin/gmake  -f CMakeFiles/cmTC_97077.dir/build.make CMakeFiles/cmTC_97077.dir/build
gmake[4]: Entering directory '/home-local/tristan/PhotonLibOSTest/build/_deps/photon-build/gflags-prefix/src/gflags-build/CMakeFiles/CMakeTmp'
Building CXX object CMakeFiles/cmTC_97077.dir/src.cxx.o
/usr/bin/c++ -DCMAKE_HAVE_LIBC_PTHREAD  -fPIE -o CMakeFiles/cmTC_97077.dir/src.cxx.o -c /home-local/tristan/PhotonLibOSTest/build/_deps/photon-build/gflags-prefix/src/gflags-build/CMakeFiles/CMakeTmp/src.cxx
Linking CXX executable cmTC_97077
/usr/bin/cmake -E cmake_link_script CMakeFiles/cmTC_97077.dir/link.txt --verbose=1
/usr/bin/c++ -rdynamic CMakeFiles/cmTC_97077.dir/src.cxx.o -o cmTC_97077 
gmake[4]: Leaving directory '/home-local/tristan/PhotonLibOSTest/build/_deps/photon-build/gflags-prefix/src/gflags-build/CMakeFiles/CMakeTmp'
gmake[3]: Leaving directory '/home-local/tristan/PhotonLibOSTest/build/_deps/photon-build/gflags-prefix/src/gflags-build/CMakeFiles/CMakeTmp'


Source file was:
#include <pthread.h>

static void* test_func(void* data)
{
  return data;
}

int main(void)
{
  pthread_t thread;
  pthread_create(&thread, NULL, test_func, NULL);
  pthread_detach(thread);
  pthread_cancel(thread);
  pthread_join(thread, NULL);
  pthread_atfork(NULL, NULL, NULL);
  pthread_exit(NULL);

  return 0;
}

Determining size of pthread_rwlock_t passed with the following output:
Change Dir: /home-local/tristan/PhotonLibOSTest/build/_deps/photon-build/gflags-prefix/src/gflags-build/CMakeFiles/CMakeTmp

Run Build Command(s):/usr/bin/gmake -f Makefile cmTC_57aa2/fast && gmake[3]: Entering directory '/home-local/tristan/PhotonLibOSTest/build/_deps/photon-build/gflags-prefix/src/gflags-build/CMakeFiles/CMakeTmp'
/usr/bin/gmake  -f CMakeFiles/cmTC_57aa2.dir/build.make CMakeFiles/cmTC_57aa2.dir/build
gmake[4]: Entering directory '/home-local/tristan/PhotonLibOSTest/build/_deps/photon-build/gflags-prefix/src/gflags-build/CMakeFiles/CMakeTmp'
Building CXX object CMakeFiles/cmTC_57aa2.dir/RWLOCK.cpp.o
/usr/bin/c++   -fPIE -o CMakeFiles/cmTC_57aa2.dir/RWLOCK.cpp.o -c /home-local/tristan/PhotonLibOSTest/build/_deps/photon-build/gflags-prefix/src/gflags-build/CMakeFiles/CheckTypeSize/RWLOCK.cpp
Linking CXX executable cmTC_57aa2
/usr/bin/cmake -E cmake_link_script CMakeFiles/cmTC_57aa2.dir/link.txt --verbose=1
/usr/bin/c++ -rdynamic CMakeFiles/cmTC_57aa2.dir/RWLOCK.cpp.o -o cmTC_57aa2 
gmake[4]: Leaving directory '/home-local/tristan/PhotonLibOSTest/build/_deps/photon-build/gflags-prefix/src/gflags-build/CMakeFiles/CMakeTmp'
gmake[3]: Leaving directory '/home-local/tristan/PhotonLibOSTest/build/_deps/photon-build/gflags-prefix/src/gflags-build/CMakeFiles/CMakeTmp'



